#
# There is insufficient memory for the Java Runtime Environment to continue.
# Native memory allocation (mmap) failed to map 132120576 bytes for G1 virtual space
# Possible reasons:
#   The system is out of physical RAM or swap space
#   The process is running with CompressedOops enabled, and the Java Heap may be blocking the growth of the native heap
# Possible solutions:
#   Reduce memory load on the system
#   Increase physical memory or swap space
#   Check if swap backing store is full
#   Decrease Java heap size (-Xmx/-Xms)
#   Decrease number of Java threads
#   Decrease Java thread stack sizes (-Xss)
#   Set larger code cache with -XX:ReservedCodeCacheSize=
#   JVM is running with Unscaled Compressed Oops mode in which the Java heap is
#     placed in the first 4GB address space. The Java Heap base address is the
#     maximum limit for the native heap growth. Please use -XX:HeapBaseMinAddress
#     to set the Java Heap base and to place the Java Heap above 4GB virtual address.
# This output file may be truncated or incomplete.
#
#  Out of Memory Error (os_windows.cpp:3825), pid=11340, tid=13856
#
# JRE version:  (17.0.10) (build )
# Java VM: OpenJDK 64-Bit Server VM (17.0.10+0--11572160, mixed mode, sharing, tiered, compressed oops, compressed class ptrs, g1 gc, windows-amd64)
# No core dump will be written. Minidumps are not enabled by default on client versions of Windows
#

---------------  S U M M A R Y ------------

Command Line: 

Host: Intel(R) Core(TM) i5-2430M CPU @ 2.40GHz, 4 cores, 7G,  Windows 10 , 64 bit Build 19041 (10.0.19041.3636)
Time: Fri May  3 19:21:55 2024 Egypt Daylight Time elapsed time: 0.029731 seconds (0d 0h 0m 0s)

---------------  T H R E A D  ---------------

Current thread (0x00000130f604c850):  JavaThread "Unknown thread" [_thread_in_vm, id=13856, stack(0x0000002608600000,0x0000002608700000)]

Stack: [0x0000002608600000,0x0000002608700000]
Native frames: (J=compiled Java code, j=interpreted, Vv=VM code, C=native code)
V  [jvm.dll+0x688e89]
V  [jvm.dll+0x84247a]
V  [jvm.dll+0x8440be]
V  [jvm.dll+0x844723]
V  [jvm.dll+0x24be0f]
V  [jvm.dll+0x685c59]
V  [jvm.dll+0x67a50a]
V  [jvm.dll+0x30cbab]
V  [jvm.dll+0x314056]
V  [jvm.dll+0x363dce]
V  [jvm.dll+0x363fff]
V  [jvm.dll+0x2e2978]
V  [jvm.dll+0x2e38e4]
V  [jvm.dll+0x813011]
V  [jvm.dll+0x371c81]
V  [jvm.dll+0x7f1b66]
V  [jvm.dll+0x3f58df]
V  [jvm.dll+0x3f7511]
C  [jli.dll+0x528f]
C  [ucrtbase.dll+0x21bb2]
C  [KERNEL32.DLL+0x17344]
C  [ntdll.dll+0x526b1]


---------------  P R O C E S S  ---------------

Threads class SMR info:
_java_thread_list=0x00007ffd1092ef58, length=0, elements={
}

Java Threads: ( => current thread )

Other Threads:
  0x00000130f60a5f00 GCTaskThread "GC Thread#0" [stack: 0x0000002608700000,0x0000002608800000] [id=6628]
  0x00000130f60b78f0 ConcurrentGCThread "G1 Main Marker" [stack: 0x0000002608800000,0x0000002608900000] [id=14044]
  0x00000130f60b99d0 ConcurrentGCThread "G1 Conc#0" [stack: 0x0000002608900000,0x0000002608a00000] [id=6068]

[error occurred during error reporting (printing all threads), id 0xc0000005, EXCEPTION_ACCESS_VIOLATION (0xc0000005) at pc=0x00007ffd100e3547]

VM state: not at safepoint (not fully initialized)

VM Mutex/Monitor currently owned by a thread:  ([mutex/lock_event])
[0x00000130f6048710] Heap_lock - owner thread: 0x00000130f604c850

Heap address: 0x0000000082400000, size: 2012 MB, Compressed Oops mode: 32-bit

CDS archive(s) mapped at: [0x0000000000000000-0x0000000000000000-0x0000000000000000), size 0, SharedBaseAddress: 0x0000000800000000, ArchiveRelocationMode: 1.
Narrow klass base: 0x0000000000000000, Narrow klass shift: 0, Narrow klass range: 0x0

GC Precious Log:
<Empty>

Heap:
 garbage-first heap   total 0K, used 0K [0x0000000082400000, 0x0000000100000000)
  region size 1024K, 0 young (0K), 0 survivors (0K)
 Metaspace       used 0K, committed 0K, reserved 0K
  class space    used 0K, committed 0K, reserved 0K

Heap Regions: E=young(eden), S=young(survivor), O=old, HS=humongous(starts), HC=humongous(continues), CS=collection set, F=free, OA=open archive, CA=closed archive, TAMS=top-at-mark-start (previous, next)

Card table byte_map: [0x00000130fb730000,0x00000130fbb20000] _byte_map_base: 0x00000130fb31e000

Marking Bits (Prev, Next): (CMBitMap*) 0x00000130f60a7440, (CMBitMap*) 0x00000130f60a7480
 Prev Bits: [0x00000130fbf10000, 0x00000130fde80000)
 Next Bits: [0x00000130fde80000, 0x00000130ffdf0000)

GC Heap History (0 events):
No events

Dll operation events (1 events):
Event: 0.019 Loaded shared library D:\Android studio\jbr\bin\java.dll

Deoptimization events (0 events):
No events

Classes unloaded (0 events):
No events

Classes redefined (0 events):
No events

Internal exceptions (0 events):
No events

VM Operations (0 events):
No events

Events (0 events):
No events


Dynamic libraries:
0x00007ff7fd8c0000 - 0x00007ff7fd8ca000 	D:\Android studio\jbr\bin\java.EXE
0x00007ffd2f990000 - 0x00007ffd2fb88000 	C:\Windows\SYSTEM32\ntdll.dll
0x00007ffd2f160000 - 0x00007ffd2f21d000 	C:\Windows\System32\KERNEL32.DLL
0x00007ffd2d510000 - 0x00007ffd2d806000 	C:\Windows\System32\KERNELBASE.dll
0x00007ffd2d890000 - 0x00007ffd2d990000 	C:\Windows\System32\ucrtbase.dll
0x00007ffd26200000 - 0x00007ffd2621b000 	D:\Android studio\jbr\bin\VCRUNTIME140.dll
0x00007ffd11f00000 - 0x00007ffd11f17000 	D:\Android studio\jbr\bin\jli.dll
0x00007ffd2e480000 - 0x00007ffd2e61f000 	C:\Windows\System32\USER32.dll
0x00007ffd2d990000 - 0x00007ffd2d9b2000 	C:\Windows\System32\win32u.dll
0x00007ffd1b550000 - 0x00007ffd1b7ea000 	C:\Windows\WinSxS\amd64_microsoft.windows.common-controls_6595b64144ccf1df_6.0.19041.4355_none_60b8b9eb71f62e16\COMCTL32.dll
0x00007ffd2f920000 - 0x00007ffd2f94b000 	C:\Windows\System32\GDI32.dll
0x00007ffd2e2c0000 - 0x00007ffd2e35e000 	C:\Windows\System32\msvcrt.dll
0x00007ffd2d160000 - 0x00007ffd2d277000 	C:\Windows\System32\gdi32full.dll
0x00007ffd2d310000 - 0x00007ffd2d3ad000 	C:\Windows\System32\msvcp_win.dll
0x00007ffd2ec70000 - 0x00007ffd2eca2000 	C:\Windows\System32\IMM32.DLL
0x00007ffd262d0000 - 0x00007ffd262dc000 	D:\Android studio\jbr\bin\vcruntime140_1.dll
0x00007ffd03940000 - 0x00007ffd039cd000 	D:\Android studio\jbr\bin\msvcp140.dll
0x00007ffd0fdf0000 - 0x00007ffd10a73000 	D:\Android studio\jbr\bin\server\jvm.dll
0x00007ffd2ecb0000 - 0x00007ffd2ed60000 	C:\Windows\System32\ADVAPI32.dll
0x00007ffd2f820000 - 0x00007ffd2f8c0000 	C:\Windows\System32\sechost.dll
0x00007ffd2ef10000 - 0x00007ffd2f033000 	C:\Windows\System32\RPCRT4.dll
0x00007ffd2d860000 - 0x00007ffd2d887000 	C:\Windows\System32\bcrypt.dll
0x00007ffd2ce90000 - 0x00007ffd2cedb000 	C:\Windows\SYSTEM32\POWRPROF.dll
0x00007ffd20800000 - 0x00007ffd20809000 	C:\Windows\SYSTEM32\WSOCK32.dll
0x00007ffd2e410000 - 0x00007ffd2e47b000 	C:\Windows\System32\WS2_32.dll
0x00007ffd1a0c0000 - 0x00007ffd1a0e7000 	C:\Windows\SYSTEM32\WINMM.dll
0x00007ffd1c640000 - 0x00007ffd1c64a000 	C:\Windows\SYSTEM32\VERSION.dll
0x00007ffd2ce70000 - 0x00007ffd2ce82000 	C:\Windows\SYSTEM32\UMPDC.dll
0x00007ffd2b840000 - 0x00007ffd2b852000 	C:\Windows\SYSTEM32\kernel.appcore.dll
0x00007ffd287d0000 - 0x00007ffd287da000 	D:\Android studio\jbr\bin\jimage.dll
0x00007ffd2ae90000 - 0x00007ffd2b074000 	C:\Windows\SYSTEM32\DBGHELP.DLL
0x00007ffd1fe40000 - 0x00007ffd1fe74000 	C:\Windows\SYSTEM32\dbgcore.DLL
0x00007ffd2d280000 - 0x00007ffd2d302000 	C:\Windows\System32\bcryptPrimitives.dll
0x00007ffd26250000 - 0x00007ffd26275000 	D:\Android studio\jbr\bin\java.dll

dbghelp: loaded successfully - version: 4.0.5 - missing functions: none
symbol engine: initialized successfully - sym options: 0x614 - pdb path: .;D:\Android studio\jbr\bin;C:\Windows\SYSTEM32;C:\Windows\WinSxS\amd64_microsoft.windows.common-controls_6595b64144ccf1df_6.0.19041.4355_none_60b8b9eb71f62e16;D:\Android studio\jbr\bin\server

VM Arguments:
java_command: <unknown>
java_class_path (initial): <not set>
Launcher Type: SUN_STANDARD

[Global flags]
     intx CICompilerCount                          = 3                                         {product} {ergonomic}
     uint ConcGCThreads                            = 1                                         {product} {ergonomic}
     uint G1ConcRefinementThreads                  = 4                                         {product} {ergonomic}
   size_t G1HeapRegionSize                         = 1048576                                   {product} {ergonomic}
    uintx GCDrainStackTargetSize                   = 64                                        {product} {ergonomic}
   size_t InitialHeapSize                          = 132120576                                 {product} {ergonomic}
   size_t MarkStackSize                            = 4194304                                   {product} {ergonomic}
   size_t MaxHeapSize                              = 2109734912                                {product} {ergonomic}
   size_t MinHeapDeltaBytes                        = 1048576                                   {product} {ergonomic}
   size_t MinHeapSize                              = 8388608                                   {product} {ergonomic}
    uintx NonNMethodCodeHeapSize                   = 5832780                                {pd product} {ergonomic}
    uintx NonProfiledCodeHeapSize                  = 122912730                              {pd product} {ergonomic}
    uintx ProfiledCodeHeapSize                     = 122912730                              {pd product} {ergonomic}
    uintx ReservedCodeCacheSize                    = 251658240                              {pd product} {ergonomic}
     bool SegmentedCodeCache                       = true                                      {product} {ergonomic}
   size_t SoftMaxHeapSize                          = 2109734912                             {manageable} {ergonomic}
     bool UseCompressedClassPointers               = true                           {product lp64_product} {ergonomic}
     bool UseCompressedOops                        = true                           {product lp64_product} {ergonomic}
     bool UseG1GC                                  = true                                      {product} {ergonomic}
     bool UseLargePagesIndividualAllocation        = false                                  {pd product} {ergonomic}

Logging:
Log output configuration:
 #0: stdout all=warning uptime,level,tags
 #1: stderr all=off uptime,level,tags

Environment Variables:
JAVA_HOME=C:\Program Files\Java\jdk-21
PATH=C:\Program Files\Eclipse Adoptium\jdk-21.0.2.13-hotspot\bin;C:\Program Files\Common Files\Oracle\Java\javapath;C:\Program Files (x86)\Common Files\Oracle\Java\javapath;C:\Windows\system32;C:\Windows;C:\Windows\System32\Wbem;C:\Windows\System32\WindowsPowerShell\v1.0\;C:\Windows\System32\OpenSSH\;C:\ProgramData\chocolatey\bin;D:\flutter\bin;D:\flutter;D:\Fsdk\flutter\bin;D:\Fsdk\flutter;D:\Fsdk\flutter\bin;C:\Program Files\Git\cmd;C:\Program Files\Git\bin;C:\Windows\System32\WindowsPowerShell\v1.0;JAVA_HOME;D:\Fsdk\tools\bin;C:\Program Files\Microsoft SQL Server\150\Tools\Binn\;C:\Program Files\Microsoft SQL Server\Client SDK\ODBC\170\Tools\Binn\;C:\Program Files (x86)\Microsoft SQL Server\160\DTS\Binn\;C:\Program Files (x86)\Microsoft SQL Server\160\Tools\Binn\;C:\Program Files\Microsoft SQL Server\160\Tools\Binn\;C:\Program Files\Microsoft SQL Server\160\DTS\Binn\;C:\Program Files\dotnet\;C:\Users\A7mds\AppData\Local\Microsoft\WindowsApps;C:\tools\dart-sdk\bin;C:\Users\A7mds\AppData\Local\Pub\Cache\bin;C:\Program Files\Git\cmd;C:\Program Files\Git;C:\Program Files\Git\bin;C:\Windows\System32\WindowsPowerShell\v1.0;JAVA_HOME;C:\Users\A7mds\.dotnet\tools;D:\Fsdk\flutter\bin\mingit\cmd
USERNAME=A7mds
OS=Windows_NT
PROCESSOR_IDENTIFIER=Intel64 Family 6 Model 42 Stepping 7, GenuineIntel
TMP=C:\Users\A7mds\AppData\Local\Temp
TEMP=C:\Users\A7mds\AppData\Local\Temp



Periodic native trim disabled

JNI global refs:
JNI global refs: 0, weak refs: 0

JNI global refs memory usage: 0, weak refs: 0

OOME stack traces (most recent first):
Classloader memory used:


---------------  S Y S T E M  ---------------

OS:
 Windows 10 , 64 bit Build 19041 (10.0.19041.3636)
OS uptime: 0 days 13:28 hours

CPU: total 4 (initial active 4) (2 cores per cpu, 2 threads per core) family 6 model 42 stepping 7 microcode 0x2f, cx8, cmov, fxsr, ht, mmx, sse, sse2, sse3, ssse3, sse4.1, sse4.2, popcnt, tsc, tscinvbit, avx, aes, clmul, vzeroupper, clflush
Processor Information for all 4 processors :
  Max Mhz: 2401, Current Mhz: 2400, Mhz Limit: 2376

Memory: 4k page, system-wide physical 8045M (473M free)
TotalPageFile size 16874M (AvailPageFile size 52M)
current process WorkingSet (physical memory assigned to process): 10M, peak: 10M
current process commit charge ("private bytes"): 51M, peak: 177M

vm_info: OpenJDK 64-Bit Server VM (17.0.10+0--11572160) for windows-amd64 JRE (17.0.10+0--11572160), built on Mar 13 2024 23:56:38 by "androidbuild" with MS VC++ 16.10 / 16.11 (VS2019)

END.
